#
# There is insufficient memory for the Java Runtime Environment to continue.
# Native memory allocation (mmap) failed to map 1073741824 bytes for Failed to commit area from 0x0000000402000000 to 0x0000000442000000 of length 1073741824.
# Possible reasons:
#   The system is out of physical RAM or swap space
#   The process is running with CompressedOops enabled, and the Java Heap may be blocking the growth of the native heap
# Possible solutions:
#   Reduce memory load on the system
#   Increase physical memory or swap space
#   Check if swap backing store is full
#   Decrease Java heap size (-Xmx/-Xms)
#   Decrease number of Java threads
#   Decrease Java thread stack sizes (-Xss)
#   Set larger code cache with -XX:ReservedCodeCacheSize=
# This output file may be truncated or incomplete.
#
#  Out of Memory Error (./src/hotspot/os/windows/os_windows.cpp:3301), pid=52144, tid=48276
#
# JRE version:  (11.0.10+8) (build )
# Java VM: OpenJDK 64-Bit Server VM (11.0.10+8-b1145.96, mixed mode, sharing, tiered, compressed oops, g1 gc, windows-amd64)
# No core dump will be written. Minidumps are not enabled by default on client versions of Windows
#

---------------  S U M M A R Y ------------

Command Line: org.jetbrains.git4idea.http.GitAskPassApp Username for 'https://github.com': 

Host: AMD Ryzen Threadripper 2990WX 32-Core Processor, 64 cores, 63G,  Windows 10 , 64 bit Build 19041 (10.0.19041.1023)
Time: Sun Jun 20 20:58:26 2021 中国标准时间 elapsed time: 0.010005 seconds (0d 0h 0m 0s)

---------------  T H R E A D  ---------------

Current thread (0x000001fe3187c000):  JavaThread "Unknown thread" [_thread_in_vm, id=48276, stack(0x000000ea61b00000,0x000000ea61c00000)]

Stack: [0x000000ea61b00000,0x000000ea61c00000]
Native frames: (J=compiled Java code, j=interpreted, Vv=VM code, C=native code)
V  [jvm.dll+0x5ece6a]
V  [jvm.dll+0x722cd5]
V  [jvm.dll+0x72422d]
V  [jvm.dll+0x7248e3]
V  [jvm.dll+0x2428d8]
V  [jvm.dll+0x5ea244]
V  [jvm.dll+0x5df2e5]
V  [jvm.dll+0x2fdddb]
V  [jvm.dll+0x2fdd4a]
V  [jvm.dll+0x2fdc22]
V  [jvm.dll+0x302b06]
V  [jvm.dll+0x34b033]
V  [jvm.dll+0x34b736]
V  [jvm.dll+0x34b133]
V  [jvm.dll+0x2d87d8]
V  [jvm.dll+0x2d9987]
V  [jvm.dll+0x701817]
V  [jvm.dll+0x70300c]
V  [jvm.dll+0x3585a9]
V  [jvm.dll+0x6e516e]
V  [jvm.dll+0x3c09e3]
V  [jvm.dll+0x3c2c71]
C  [jli.dll+0x5373]
C  [ucrtbase.dll+0x21bb2]
C  [KERNEL32.DLL+0x17034]
C  [ntdll.dll+0x52651]


---------------  P R O C E S S  ---------------

Threads class SMR info:
_java_thread_list=0x000001fe315210d0, length=0, elements={
}

Java Threads: ( => current thread )

Other Threads:
  0x000001fe31898000 GCTaskThread "GC Thread#0" [stack: 0x000000ea61c00000,0x000000ea61d00000] [id=53140]
  0x000001fe31958000 ConcurrentGCThread "G1 Main Marker" [stack: 0x000000ea61d00000,0x000000ea61e00000] [id=51780]
  0x000001fe3195a000 ConcurrentGCThread "G1 Conc#0" [stack: 0x000000ea61e00000,0x000000ea61f00000] [id=54332]

[error occurred during error reporting (printing all threads), id 0xc0000005, EXCEPTION_ACCESS_VIOLATION (0xc0000005) at pc=0x00007ffae0fd8db7]

VM state:not at safepoint (not fully initialized)

VM Mutex/Monitor currently owned by a thread:  ([mutex/lock_event])
[0x000001fe31878620] Heap_lock - owner thread: 0x000001fe3187c000

Heap address: 0x0000000402000000, size: 16352 MB, Compressed Oops mode: Non-zero based: 0x0000000402000000
Narrow klass base: 0x0000000000000000, Narrow klass shift: 0

GC Heap History (0 events):
No events

Deoptimization events (0 events):
No events

Classes redefined (0 events):
No events

Internal exceptions (0 events):
No events

Events (1 events):
Event: 0.006 Loaded shared library F:\Program Files\JetBrains\IntelliJ IDEA 2020.3.3\jbr\bin\zip.dll


Dynamic libraries:
0x00007ff7cf6f0000 - 0x00007ff7cf6fa000 	F:\Program Files\JetBrains\IntelliJ IDEA 2020.3.3\jbr\bin\java.exe
0x00007ffb18990000 - 0x00007ffb18b85000 	C:\WINDOWS\SYSTEM32\ntdll.dll
0x00007ffb17170000 - 0x00007ffb1722d000 	C:\WINDOWS\System32\KERNEL32.DLL
0x00007ffb16310000 - 0x00007ffb165d8000 	C:\WINDOWS\System32\KERNELBASE.dll
0x00007ffb160d0000 - 0x00007ffb161d0000 	C:\WINDOWS\System32\ucrtbase.dll
0x00007ffaff940000 - 0x00007ffaff959000 	F:\Program Files\JetBrains\IntelliJ IDEA 2020.3.3\jbr\bin\jli.dll
0x00007ffaff920000 - 0x00007ffaff937000 	F:\Program Files\JetBrains\IntelliJ IDEA 2020.3.3\jbr\bin\VCRUNTIME140.dll
0x00007ffb186d0000 - 0x00007ffb18870000 	C:\WINDOWS\System32\USER32.dll
0x00007ffb161d0000 - 0x00007ffb161f2000 	C:\WINDOWS\System32\win32u.dll
0x00007ffb06ae0000 - 0x00007ffb06d7a000 	C:\WINDOWS\WinSxS\amd64_microsoft.windows.common-controls_6595b64144ccf1df_6.0.19041.1052_none_60b8f8fd71f5e8cb\COMCTL32.dll
0x00007ffb17140000 - 0x00007ffb1716a000 	C:\WINDOWS\System32\GDI32.dll
0x00007ffb16ae0000 - 0x00007ffb16b7e000 	C:\WINDOWS\System32\msvcrt.dll
0x00007ffb166b0000 - 0x00007ffb167bb000 	C:\WINDOWS\System32\gdi32full.dll
0x00007ffb16610000 - 0x00007ffb166ad000 	C:\WINDOWS\System32\msvcp_win.dll
0x00007ffb16db0000 - 0x00007ffb16de0000 	C:\WINDOWS\System32\IMM32.DLL
0x00007ffaed140000 - 0x00007ffaed1dd000 	F:\Program Files\JetBrains\IntelliJ IDEA 2020.3.3\jbr\bin\msvcp140.dll
0x00007ffae0cf0000 - 0x00007ffae17c0000 	F:\Program Files\JetBrains\IntelliJ IDEA 2020.3.3\jbr\bin\server\jvm.dll
0x00007ffb16ca0000 - 0x00007ffb16d4c000 	C:\WINDOWS\System32\ADVAPI32.dll
0x00007ffb17230000 - 0x00007ffb172cb000 	C:\WINDOWS\System32\sechost.dll
0x00007ffb18390000 - 0x00007ffb184bb000 	C:\WINDOWS\System32\RPCRT4.dll
0x00007ffb18260000 - 0x00007ffb18268000 	C:\WINDOWS\System32\PSAPI.DLL
0x00007ffb029e0000 - 0x00007ffb029e9000 	C:\WINDOWS\SYSTEM32\WSOCK32.dll
0x00007ffb0d8b0000 - 0x00007ffb0d8ba000 	C:\WINDOWS\SYSTEM32\VERSION.dll
0x00007ffb0d660000 - 0x00007ffb0d687000 	C:\WINDOWS\SYSTEM32\WINMM.dll
0x00007ffb177f0000 - 0x00007ffb1785b000 	C:\WINDOWS\System32\WS2_32.dll
0x00007ffb14040000 - 0x00007ffb14052000 	C:\WINDOWS\SYSTEM32\kernel.appcore.dll
0x00007ffb08620000 - 0x00007ffb08631000 	F:\Program Files\JetBrains\IntelliJ IDEA 2020.3.3\jbr\bin\verify.dll
0x00007ffb04020000 - 0x00007ffb04204000 	C:\WINDOWS\SYSTEM32\DBGHELP.DLL
0x00007ffb03cc0000 - 0x00007ffb03cec000 	C:\WINDOWS\SYSTEM32\dbgcore.DLL
0x00007ffb16920000 - 0x00007ffb169a3000 	C:\WINDOWS\System32\bcryptPrimitives.dll
0x00007ffafffb0000 - 0x00007ffafffd9000 	F:\Program Files\JetBrains\IntelliJ IDEA 2020.3.3\jbr\bin\java.dll
0x00007ffb11ce0000 - 0x00007ffb11ceb000 	F:\Program Files\JetBrains\IntelliJ IDEA 2020.3.3\jbr\bin\jimage.dll
0x00007ffb026e0000 - 0x00007ffb026f8000 	F:\Program Files\JetBrains\IntelliJ IDEA 2020.3.3\jbr\bin\zip.dll

dbghelp: loaded successfully - version: 4.0.5 - missing functions: none
symbol engine: initialized successfully - sym options: 0x614 - pdb path: .;F:\Program Files\JetBrains\IntelliJ IDEA 2020.3.3\jbr\bin;C:\WINDOWS\SYSTEM32;C:\WINDOWS\WinSxS\amd64_microsoft.windows.common-controls_6595b64144ccf1df_6.0.19041.1052_none_60b8f8fd71f5e8cb;F:\Program Files\JetBrains\IntelliJ IDEA 2020.3.3\jbr\bin\server

VM Arguments:
java_command: org.jetbrains.git4idea.http.GitAskPassApp Username for 'https://github.com': 
java_class_path (initial): F:/Program Files/JetBrains/IntelliJ IDEA 2020.3.3/plugins/git4idea/lib/git4idea-rt.jar;F:/Program Files/JetBrains/IntelliJ IDEA 2020.3.3/lib/xmlrpc-2.0.1.jar;F:/Program Files/JetBrains/IntelliJ IDEA 2020.3.3/lib/commons-codec-1.14.jar
Launcher Type: SUN_STANDARD

[Global flags]
     intx CICompilerCount                          = 18                                        {product} {ergonomic}
     uint ConcGCThreads                            = 11                                        {product} {ergonomic}
     uint G1ConcRefinementThreads                  = 43                                        {product} {ergonomic}
   size_t G1HeapRegionSize                         = 4194304                                   {product} {ergonomic}
    uintx GCDrainStackTargetSize                   = 64                                        {product} {ergonomic}
   size_t InitialHeapSize                          = 1073741824                                {product} {ergonomic}
   size_t MarkStackSize                            = 4194304                                   {product} {ergonomic}
   size_t MaxHeapSize                              = 17146314752                               {product} {ergonomic}
   size_t MinHeapDeltaBytes                        = 4194304                                   {product} {ergonomic}
    uintx NonNMethodCodeHeapSize                   = 8769992                                {pd product} {ergonomic}
    uintx NonProfiledCodeHeapSize                  = 121444124                              {pd product} {ergonomic}
    uintx ProfiledCodeHeapSize                     = 121444124                              {pd product} {ergonomic}
    uintx ReservedCodeCacheSize                    = 251658240                              {pd product} {ergonomic}
     bool SegmentedCodeCache                       = true                                      {product} {ergonomic}
     bool UseCompressedClassPointers               = true                                 {lp64_product} {ergonomic}
     bool UseCompressedOops                        = true                                 {lp64_product} {ergonomic}
     bool UseG1GC                                  = true                                      {product} {ergonomic}
     bool UseLargePagesIndividualAllocation        = false                                  {pd product} {ergonomic}

Logging:
Log output configuration:
 #0: stdout all=warning uptime,level,tags
 #1: stderr all=off uptime,level,tags

Environment Variables:
JAVA_HOME=C:\Program Files (x86)\Java\jdk1.8.0_202
PATH=D:\ServerTool\Git\Git\mingw64\libexec\git-core;D:\ServerTool\Git\Git\mingw64\libexec\git-core;D:\ServerTool\Git\Git\mingw64\bin;D:\ServerTool\Git\Git\usr\bin;C:\Users\SinCode\bin;C:\WINDOWS\system32;C:\WINDOWS;C:\WINDOWS\System32\Wbem;C:\WINDOWS\System32\WindowsPowerShell\v1.0;C:\WINDOWS\System32\OpenSSH;C:\Program Files\Intel\WiFi\bin;C:\Program Files\Common Files\Intel\WirelessCommon;C:\Program Files (x86)\Java\jdk1.8.0_202\bin;C:\Program Files\nodejs;D:\ServerTool\Git\Git\usr\bin;D:\WorkSpace\apache-maven-3.8.1-bin\apache-maven-3.8.1\bin;C:\Users\SinCode\AppData\Local\Microsoft\WindowsApps;C:\Program Files\Intel\WiFi\bin;C:\Program Files\Common Files\Intel\WirelessCommon;C:\Users\SinCode\AppData\Roaming\npm;F:\Program Files\JetBrains\IntelliJ IDEA 2020.3.3\bin
USERNAME=SinCode
DISPLAY=:0.0
LC_ALL=en_US.UTF-8
OS=Windows_NT
PROCESSOR_IDENTIFIER=AMD64 Family 23 Model 8 Stepping 2, AuthenticAMD



---------------  S Y S T E M  ---------------

OS: Windows 10 , 64 bit Build 19041 (10.0.19041.1023)
OS uptime: 8 days 6:19 hours

CPU:total 64 (initial active 64) (64 cores per cpu, 2 threads per core) family 23 model 8 stepping 2 microcode 0x0, cmov, cx8, fxsr, mmx, sse, sse2, sse3, ssse3, sse4.1, sse4.2, popcnt, avx, avx2, aes, clmul, mmxext, 3dnowpref, lzcnt, sse4a, ht, tsc, tscinvbit, tscinv, bmi1, bmi2, adx, s

Memory: 4k page, system-wide physical 65403M (47399M free)
TotalPageFile size 96502M (AvailPageFile size 343M)
current process WorkingSet (physical memory assigned to process): 11M, peak: 11M
current process commit charge ("private bytes"): 136M, peak: 1160M

vm_info: OpenJDK 64-Bit Server VM (11.0.10+8-b1145.96) for windows-amd64 JRE (11.0.10+8-b1145.96), built on Feb 18 2021 01:38:16 by "" with MS VC++ 14.0 (VS2015)

END.
